
> supplier@0.1.0 build /Users/rasika/project-different/sample-app-2/frontends/supplier
> react-scripts build

Creating an optimized production build...
Compiled with warnings.

[eslint] 
src/App.js
  Line 1:8:  'logo' is defined but never used  no-unused-vars

Search for the keywords to learn more about each warning.
To ignore, add // eslint-disable-next-line to the line before.

File sizes after gzip:

  46.41 kB  build/static/js/main.35c9ded4.js
  1.78 kB   build/static/js/415.3e3da789.chunk.js
  541 B     build/static/css/main.073c9b0a.css

The project was built assuming it is hosted at /.
You can control this with the homepage field in your package.json.

The build folder is ready to be deployed.
You may serve it with a static server:

  serve -s build

Find out more about deployment here:

  https://cra.link/deployment

